<?xml version="1.0" encoding="UTF-8"?>
<testng-results ignored="0" total="1" passed="1" failed="0" skipped="0">
  <reporter-output>
  </reporter-output>
  <suite started-at="2023-03-13T15:53:50 IST" name="Default suite" finished-at="2023-03-13T15:53:50 IST" duration-ms="82">
    <groups>
    </groups>
    <test started-at="2023-03-13T15:53:50 IST" name="Default test" finished-at="2023-03-13T15:53:50 IST" duration-ms="82">
      <class name="githubCmdPractice.JenkinsScriptTest">
        <test-method signature="test()[pri:0, instance:githubCmdPractice.JenkinsScriptTest@49c7b90e]" started-at="2023-03-13T15:53:50 IST" name="test" finished-at="2023-03-13T15:53:50 IST" duration-ms="18" status="PASS">
          <reporter-output>
          </reporter-output>
        </test-method> <!-- test -->
      </class> <!-- githubCmdPractice.JenkinsScriptTest -->
    </test> <!-- Default test -->
  </suite> <!-- Default suite -->
</testng-results>
